# JRE version: Java(TM) SE Runtime Environment 18.9 (11.0.11+9) (build 11.0.11+9-LTS-194)
# Java VM: Java HotSpot(TM) 64-Bit Server VM 18.9 (11.0.11+9-LTS-194, mixed mode, tiered, compressed oops, parallel gc, windows-amd64)
Heap:
 PSYoungGen      total 23552K, used 1009K [0x00000000eab00000, 0x00000000eca00000, 0x0000000100000000)
  eden space 22528K, 4% used [0x00000000eab00000,0x00000000eabfc660,0x00000000ec100000)
  from space 1024K, 0% used [0x00000000ec400000,0x00000000ec400000,0x00000000ec500000)
  to   space 2048K, 0% used [0x00000000ec800000,0x00000000ec800000,0x00000000eca00000)
 ParOldGen       total 68608K, used 22874K [0x00000000c0000000, 0x00000000c4300000, 0x00000000eab00000)
  object space 68608K, 33% used [0x00000000c0000000,0x00000000c16568a8,0x00000000c4300000)
 Metaspace       used 33569K, capacity 35186K, committed 35328K, reserved 1081344K
  class space    used 3156K, capacity 3757K, committed 3840K, reserved 1048576K
GC Heap History (10 events):
Event: 2.953 GC heap before
{Heap before GC invocations=9 (full 1):
 PSYoungGen      total 30720K, used 30703K [0x00000000eab00000, 0x00000000ed480000, 0x0000000100000000)
  eden space 24064K, 100% used [0x00000000eab00000,0x00000000ec280000,0x00000000ec280000)
  from space 6656K, 99% used [0x00000000ec380000,0x00000000ec9fbe00,0x00000000eca00000)
  to   space 9216K, 0% used [0x00000000ecb80000,0x00000000ecb80000,0x00000000ed480000)
 ParOldGen       total 68608K, used 11417K [0x00000000c0000000, 0x00000000c4300000, 0x00000000eab00000)
  object space 68608K, 16% used [0x00000000c0000000,0x00000000c0b26580,0x00000000c4300000)
 Metaspace       used 31378K, capacity 32980K, committed 33024K, reserved 1079296K
  class space    used 2996K, capacity 3572K, committed 3584K, reserved 1048576K
}
Event: 2.963 GC heap after
{Heap after GC invocations=9 (full 1):
 PSYoungGen      total 31232K, used 7347K [0x00000000eab00000, 0x00000000ed300000, 0x0000000100000000)
  eden space 23552K, 0% used [0x00000000eab00000,0x00000000eab00000,0x00000000ec200000)
  from space 7680K, 95% used [0x00000000ecb80000,0x00000000ed2aceb8,0x00000000ed300000)
  to   space 8192K, 0% used [0x00000000ec300000,0x00000000ec300000,0x00000000ecb00000)
 ParOldGen       total 68608K, used 12949K [0x00000000c0000000, 0x00000000c4300000, 0x00000000eab00000)
  object space 68608K, 18% used [0x00000000c0000000,0x00000000c0ca5488,0x00000000c4300000)
 Metaspace       used 31378K, capacity 32980K, committed 33024K, reserved 1079296K
  class space    used 2996K, capacity 3572K, committed 3584K, reserved 1048576K
}
Event: 2.989 GC heap before
{Heap before GC invocations=10 (full 1):
 PSYoungGen      total 31232K, used 30899K [0x00000000eab00000, 0x00000000ed300000, 0x0000000100000000)
  eden space 23552K, 100% used [0x00000000eab00000,0x00000000ec200000,0x00000000ec200000)
  from space 7680K, 95% used [0x00000000ecb80000,0x00000000ed2aceb8,0x00000000ed300000)
  to   space 8192K, 0% used [0x00000000ec300000,0x00000000ec300000,0x00000000ecb00000)
 ParOldGen       total 68608K, used 12949K [0x00000000c0000000, 0x00000000c4300000, 0x00000000eab00000)
  object space 68608K, 18% used [0x00000000c0000000,0x00000000c0ca5488,0x00000000c4300000)
 Metaspace       used 31378K, capacity 32980K, committed 33024K, reserved 1079296K
  class space    used 2996K, capacity 3572K, committed 3584K, reserved 1048576K
}
Event: 2.997 GC heap after
{Heap after GC invocations=10 (full 1):
 PSYoungGen      total 29696K, used 6560K [0x00000000eab00000, 0x00000000ecf80000, 0x0000000100000000)
  eden space 23040K, 0% used [0x00000000eab00000,0x00000000eab00000,0x00000000ec180000)
  from space 6656K, 98% used [0x00000000ec300000,0x00000000ec968020,0x00000000ec980000)
  to   space 6144K, 0% used [0x00000000ec980000,0x00000000ec980000,0x00000000ecf80000)
 ParOldGen       total 68608K, used 15748K [0x00000000c0000000, 0x00000000c4300000, 0x00000000eab00000)
  object space 68608K, 22% used [0x00000000c0000000,0x00000000c0f61340,0x00000000c4300000)
 Metaspace       used 31378K, capacity 32980K, committed 33024K, reserved 1079296K
  class space    used 2996K, capacity 3572K, committed 3584K, reserved 1048576K
}
Event: 3.271 GC heap before
{Heap before GC invocations=11 (full 1):
 PSYoungGen      total 29696K, used 29600K [0x00000000eab00000, 0x00000000ecf80000, 0x0000000100000000)
  eden space 23040K, 100% used [0x00000000eab00000,0x00000000ec180000,0x00000000ec180000)
  from space 6656K, 98% used [0x00000000ec300000,0x00000000ec968020,0x00000000ec980000)
  to   space 6144K, 0% used [0x00000000ec980000,0x00000000ec980000,0x00000000ecf80000)
 ParOldGen       total 68608K, used 15748K [0x00000000c0000000, 0x00000000c4300000, 0x00000000eab00000)
  object space 68608K, 22% used [0x00000000c0000000,0x00000000c0f61340,0x00000000c4300000)
 Metaspace       used 32217K, capacity 33905K, committed 34176K, reserved 1079296K
  class space    used 3075K, capacity 3693K, committed 3712K, reserved 1048576K
}
Event: 3.285 GC heap after
{Heap after GC invocations=11 (full 1):
 PSYoungGen      total 26112K, used 3136K [0x00000000eab00000, 0x00000000ecd00000, 0x0000000100000000)
  eden space 22528K, 0% used [0x00000000eab00000,0x00000000eab00000,0x00000000ec100000)
  from space 3584K, 87% used [0x00000000ec980000,0x00000000ecc90020,0x00000000ecd00000)
  to   space 4608K, 0% used [0x00000000ec400000,0x00000000ec400000,0x00000000ec880000)
 ParOldGen       total 68608K, used 20083K [0x00000000c0000000, 0x00000000c4300000, 0x00000000eab00000)
  object space 68608K, 29% used [0x00000000c0000000,0x00000000c139ce00,0x00000000c4300000)
 Metaspace       used 32217K, capacity 33905K, committed 34176K, reserved 1079296K
  class space    used 3075K, capacity 3693K, committed 3712K, reserved 1048576K
}
Event: 3.432 GC heap before
{Heap before GC invocations=12 (full 1):
 PSYoungGen      total 26112K, used 16109K [0x00000000eab00000, 0x00000000ecd00000, 0x0000000100000000)
  eden space 22528K, 57% used [0x00000000eab00000,0x00000000eb7ab748,0x00000000ec100000)
  from space 3584K, 87% used [0x00000000ec980000,0x00000000ecc90020,0x00000000ecd00000)
  to   space 4608K, 0% used [0x00000000ec400000,0x00000000ec400000,0x00000000ec880000)
 ParOldGen       total 68608K, used 20083K [0x00000000c0000000, 0x00000000c4300000, 0x00000000eab00000)
  object space 68608K, 29% used [0x00000000c0000000,0x00000000c139ce00,0x00000000c4300000)
 Metaspace       used 33536K, capacity 35186K, committed 35328K, reserved 1081344K
  class space    used 3156K, capacity 3757K, committed 3840K, reserved 1048576K
}
Event: 3.438 GC heap after
{Heap after GC invocations=12 (full 1):
 PSYoungGen      total 23552K, used 980K [0x00000000eab00000, 0x00000000eca00000, 0x0000000100000000)
  eden space 22528K, 0% used [0x00000000eab00000,0x00000000eab00000,0x00000000ec100000)
  from space 1024K, 95% used [0x00000000ec400000,0x00000000ec4f52a0,0x00000000ec500000)
  to   space 2048K, 0% used [0x00000000ec800000,0x00000000ec800000,0x00000000eca00000)
 ParOldGen       total 68608K, used 23175K [0x00000000c0000000, 0x00000000c4300000, 0x00000000eab00000)
  object space 68608K, 33% used [0x00000000c0000000,0x00000000c16a1ce8,0x00000000c4300000)
 Metaspace       used 33536K, capacity 35186K, committed 35328K, reserved 1081344K
  class space    used 3156K, capacity 3757K, committed 3840K, reserved 1048576K
}
Event: 3.438 GC heap before
{Heap before GC invocations=13 (full 2):
 PSYoungGen      total 23552K, used 980K [0x00000000eab00000, 0x00000000eca00000, 0x0000000100000000)
  eden space 22528K, 0% used [0x00000000eab00000,0x00000000eab00000,0x00000000ec100000)
  from space 1024K, 95% used [0x00000000ec400000,0x00000000ec4f52a0,0x00000000ec500000)
  to   space 2048K, 0% used [0x00000000ec800000,0x00000000ec800000,0x00000000eca00000)
 ParOldGen       total 68608K, used 23175K [0x00000000c0000000, 0x00000000c4300000, 0x00000000eab00000)
  object space 68608K, 33% used [0x00000000c0000000,0x00000000c16a1ce8,0x00000000c4300000)
 Metaspace       used 33536K, capacity 35186K, committed 35328K, reserved 1081344K
  class space    used 3156K, capacity 3757K, committed 3840K, reserved 1048576K
}
Event: 3.503 GC heap after
{Heap after GC invocations=13 (full 2):
 PSYoungGen      total 23552K, used 0K [0x00000000eab00000, 0x00000000eca00000, 0x0000000100000000)
  eden space 22528K, 0% used [0x00000000eab00000,0x00000000eab00000,0x00000000ec100000)
  from space 1024K, 0% used [0x00000000ec400000,0x00000000ec400000,0x00000000ec500000)
  to   space 2048K, 0% used [0x00000000ec800000,0x00000000ec800000,0x00000000eca00000)
 ParOldGen       total 68608K, used 22874K [0x00000000c0000000, 0x00000000c4300000, 0x00000000eab00000)
  object space 68608K, 33% used [0x00000000c0000000,0x00000000c16568a8,0x00000000c4300000)
 Metaspace       used 33536K, capacity 35186K, committed 35328K, reserved 1081344K
  class space    used 3156K, capacity 3757K, committed 3840K, reserved 1048576K
}

