# JRE version: Java(TM) SE Runtime Environment (13.0.1+9) (build 13.0.1+9)
# Java VM: Java HotSpot(TM) 64-Bit Server VM (13.0.1+9, mixed mode, sharing, tiered, compressed oops, g1 gc, windows-amd64)
Heap:
 garbage-first heap   total 262144K, used 88727K [0x00000000e0000000, 0x0000000100000000)
  region size 1024K, 35 young (35840K), 7 survivors (7168K)
 Metaspace       used 63259K, capacity 64667K, committed 64976K, reserved 311296K
  class space    used 8074K, capacity 8646K, committed 8780K, reserved 253952K
GC Heap History (20 events):
Event: 32.160 GC heap before
{Heap before GC invocations=8 (full 0):
 garbage-first heap   total 262144K, used 57847K [0x00000000e0000000, 0x0000000100000000)
  region size 1024K, 45 young (46080K), 10 survivors (10240K)
 Metaspace       used 35020K, capacity 35839K, committed 36048K, reserved 286720K
  class space    used 4862K, capacity 5173K, committed 5196K, reserved 253952K
}
Event: 32.184 GC heap after
{Heap after GC invocations=9 (full 0):
 garbage-first heap   total 262144K, used 25402K [0x00000000e0000000, 0x0000000100000000)
  region size 1024K, 10 young (10240K), 10 survivors (10240K)
 Metaspace       used 35020K, capacity 35839K, committed 36048K, reserved 286720K
  class space    used 4862K, capacity 5173K, committed 5196K, reserved 253952K
}
Event: 53.872 GC heap before
{Heap before GC invocations=10 (full 0):
 garbage-first heap   total 262144K, used 148282K [0x00000000e0000000, 0x0000000100000000)
  region size 1024K, 130 young (133120K), 10 survivors (10240K)
 Metaspace       used 49222K, capacity 50468K, committed 50640K, reserved 299008K
  class space    used 6649K, capacity 7130K, committed 7244K, reserved 253952K
}
Event: 53.955 GC heap after
{Heap after GC invocations=11 (full 0):
 garbage-first heap   total 262144K, used 36387K [0x00000000e0000000, 0x0000000100000000)
  region size 1024K, 17 young (17408K), 17 survivors (17408K)
 Metaspace       used 49222K, capacity 50468K, committed 50640K, reserved 299008K
  class space    used 6649K, capacity 7130K, committed 7244K, reserved 253952K
}
Event: 59.964 GC heap before
{Heap before GC invocations=11 (full 0):
 garbage-first heap   total 262144K, used 169507K [0x00000000e0000000, 0x0000000100000000)
  region size 1024K, 148 young (151552K), 17 survivors (17408K)
 Metaspace       used 51113K, capacity 52279K, committed 52432K, reserved 301056K
  class space    used 6785K, capacity 7238K, committed 7244K, reserved 253952K
}
Event: 60.043 GC heap after
{Heap after GC invocations=12 (full 0):
 garbage-first heap   total 262144K, used 49616K [0x00000000e0000000, 0x0000000100000000)
  region size 1024K, 13 young (13312K), 13 survivors (13312K)
 Metaspace       used 51113K, capacity 52279K, committed 52432K, reserved 301056K
  class space    used 6785K, capacity 7238K, committed 7244K, reserved 253952K
}
Event: 61.384 GC heap before
{Heap before GC invocations=12 (full 0):
 garbage-first heap   total 262144K, used 183760K [0x00000000e0000000, 0x0000000100000000)
  region size 1024K, 144 young (147456K), 13 survivors (13312K)
 Metaspace       used 51335K, capacity 52544K, committed 52688K, reserved 301056K
  class space    used 6785K, capacity 7238K, committed 7244K, reserved 253952K
}
Event: 61.411 GC heap after
{Heap after GC invocations=13 (full 0):
 garbage-first heap   total 262144K, used 50688K [0x00000000e0000000, 0x0000000100000000)
  region size 1024K, 11 young (11264K), 11 survivors (11264K)
 Metaspace       used 51335K, capacity 52544K, committed 52688K, reserved 301056K
  class space    used 6785K, capacity 7238K, committed 7244K, reserved 253952K
}
Event: 79.498 GC heap before
{Heap before GC invocations=13 (full 0):
 garbage-first heap   total 262144K, used 186880K [0x00000000e0000000, 0x0000000100000000)
  region size 1024K, 144 young (147456K), 11 survivors (11264K)
 Metaspace       used 52186K, capacity 53407K, committed 53584K, reserved 301056K
  class space    used 6816K, capacity 7287K, committed 7372K, reserved 253952K
}
Event: 79.510 GC heap after
{Heap after GC invocations=14 (full 0):
 garbage-first heap   total 262144K, used 47104K [0x00000000e0000000, 0x0000000100000000)
  region size 1024K, 5 young (5120K), 5 survivors (5120K)
 Metaspace       used 52186K, capacity 53407K, committed 53584K, reserved 301056K
  class space    used 6816K, capacity 7287K, committed 7372K, reserved 253952K
}
Event: 89.969 GC heap before
{Heap before GC invocations=14 (full 0):
 garbage-first heap   total 262144K, used 197632K [0x00000000e0000000, 0x0000000100000000)
  region size 1024K, 153 young (156672K), 5 survivors (5120K)
 Metaspace       used 52876K, capacity 54074K, committed 54352K, reserved 301056K
  class space    used 6855K, capacity 7336K, committed 7372K, reserved 253952K
}
Event: 89.980 GC heap after
{Heap after GC invocations=15 (full 0):
 garbage-first heap   total 262144K, used 49417K [0x00000000e0000000, 0x0000000100000000)
  region size 1024K, 8 young (8192K), 8 survivors (8192K)
 Metaspace       used 52876K, capacity 54074K, committed 54352K, reserved 301056K
  class space    used 6855K, capacity 7336K, committed 7372K, reserved 253952K
}
Event: 93.473 GC heap before
{Heap before GC invocations=15 (full 0):
 garbage-first heap   total 262144K, used 197897K [0x00000000e0000000, 0x0000000100000000)
  region size 1024K, 153 young (156672K), 8 survivors (8192K)
 Metaspace       used 52911K, capacity 54074K, committed 54352K, reserved 301056K
  class space    used 6855K, capacity 7336K, committed 7372K, reserved 253952K
}
Event: 93.483 GC heap after
{Heap after GC invocations=16 (full 0):
 garbage-first heap   total 262144K, used 48750K [0x00000000e0000000, 0x0000000100000000)
  region size 1024K, 7 young (7168K), 7 survivors (7168K)
 Metaspace       used 52911K, capacity 54074K, committed 54352K, reserved 301056K
  class space    used 6855K, capacity 7336K, committed 7372K, reserved 253952K
}
Event: 96.556 GC heap before
{Heap before GC invocations=16 (full 0):
 garbage-first heap   total 262144K, used 198254K [0x00000000e0000000, 0x0000000100000000)
  region size 1024K, 153 young (156672K), 7 survivors (7168K)
 Metaspace       used 54928K, capacity 56135K, committed 56272K, reserved 303104K
  class space    used 7139K, capacity 7619K, committed 7756K, reserved 253952K
}
Event: 96.566 GC heap after
{Heap after GC invocations=17 (full 0):
 garbage-first heap   total 262144K, used 47410K [0x00000000e0000000, 0x0000000100000000)
  region size 1024K, 6 young (6144K), 6 survivors (6144K)
 Metaspace       used 54928K, capacity 56135K, committed 56272K, reserved 303104K
  class space    used 7139K, capacity 7619K, committed 7756K, reserved 253952K
}
Event: 97.503 GC heap before
{Heap before GC invocations=17 (full 0):
 garbage-first heap   total 262144K, used 50482K [0x00000000e0000000, 0x0000000100000000)
  region size 1024K, 10 young (10240K), 6 survivors (6144K)
 Metaspace       used 58747K, capacity 60111K, committed 60296K, reserved 307200K
  class space    used 7648K, capacity 8181K, committed 8268K, reserved 253952K
}
Event: 97.517 GC heap after
{Heap after GC invocations=18 (full 0):
 garbage-first heap   total 262144K, used 48400K [0x00000000e0000000, 0x0000000100000000)
  region size 1024K, 7 young (7168K), 7 survivors (7168K)
 Metaspace       used 58747K, capacity 60111K, committed 60296K, reserved 307200K
  class space    used 7648K, capacity 8181K, committed 8268K, reserved 253952K
}
Event: 104.018 GC heap before
{Heap before GC invocations=19 (full 0):
 garbage-first heap   total 262144K, used 192784K [0x00000000e0000000, 0x0000000100000000)
  region size 1024K, 149 young (152576K), 7 survivors (7168K)
 Metaspace       used 63228K, capacity 64590K, committed 64976K, reserved 311296K
  class space    used 8071K, capacity 8644K, committed 8780K, reserved 253952K
}
Event: 104.055 GC heap after
{Heap after GC invocations=20 (full 0):
 garbage-first heap   total 262144K, used 59392K [0x00000000e0000000, 0x0000000100000000)
  region size 1024K, 17 young (17408K), 17 survivors (17408K)
 Metaspace       used 63228K, capacity 64590K, committed 64976K, reserved 311296K
  class space    used 8071K, capacity 8644K, committed 8780K, reserved 253952K
}

